<?xml version="1.0" encoding="UTF-8"?>
<testng-results ignored="0" total="1" passed="1" failed="0" skipped="0">
  <reporter-output>
  </reporter-output>
  <suite started-at="2024-11-09T01:03:19 IST" name="Suite" finished-at="2024-11-09T01:03:32 IST" duration-ms="13191">
    <groups>
      <group name="Master">
        <method signature="TC001_AccountRegistractionTest.varify_account_registration()[pri:0, instance:testCases.TC001_AccountRegistractionTest@43b6123e]" name="varify_account_registration" class="testCases.TC001_AccountRegistractionTest"/>
      </group> <!-- Master -->
      <group name="Regression">
        <method signature="TC001_AccountRegistractionTest.varify_account_registration()[pri:0, instance:testCases.TC001_AccountRegistractionTest@43b6123e]" name="varify_account_registration" class="testCases.TC001_AccountRegistractionTest"/>
      </group> <!-- Regression -->
    </groups>
    <test started-at="2024-11-09T01:03:19 IST" name="chrometest" finished-at="2024-11-09T01:03:32 IST" duration-ms="13191">
      <class name="testCases.TC001_AccountRegistractionTest">
        <test-method is-config="true" signature="setup(java.lang.String,java.lang.String)[pri:0, instance:testCases.TC001_AccountRegistractionTest@43b6123e]" started-at="2024-11-09T01:03:19 IST" name="setup" finished-at="2024-11-09T01:03:23 IST" duration-ms="3702" status="PASS">
          <params>
            <param index="0">
              <value>
                <![CDATA[windows]]>
              </value>
            </param>
            <param index="1">
              <value>
                <![CDATA[chrome]]>
              </value>
            </param>
          </params>
          <reporter-output>
          </reporter-output>
        </test-method> <!-- setup -->
        <test-method signature="varify_account_registration()[pri:0, instance:testCases.TC001_AccountRegistractionTest@43b6123e]" started-at="2024-11-09T01:03:23 IST" name="varify_account_registration" finished-at="2024-11-09T01:03:32 IST" duration-ms="9219" status="PASS">
          <reporter-output>
          </reporter-output>
        </test-method> <!-- varify_account_registration -->
        <test-method is-config="true" signature="tearDown()[pri:0, instance:testCases.TC001_AccountRegistractionTest@43b6123e]" started-at="2024-11-09T01:03:32 IST" name="tearDown" finished-at="2024-11-09T01:03:32 IST" duration-ms="12" status="PASS">
          <reporter-output>
          </reporter-output>
        </test-method> <!-- tearDown -->
      </class> <!-- testCases.TC001_AccountRegistractionTest -->
    </test> <!-- chrometest -->
  </suite> <!-- Suite -->
</testng-results>
