<?xml version="1.0" encoding="UTF-8"?>
<testng-results ignored="0" total="3" passed="3" failed="0" skipped="0">
  <reporter-output>
  </reporter-output>
  <suite started-at="2024-11-04T22:11:14 IST" name="Suite" finished-at="2024-11-04T22:11:28 IST" duration-ms="13951">
    <groups>
    </groups>
    <test started-at="2024-11-04T22:11:14 IST" name="firefoxtest" finished-at="2024-11-04T22:11:25 IST" duration-ms="10823">
      <class name="testCases.TC002_LoginTest">
        <test-method is-config="true" signature="setup(java.lang.String,java.lang.String)[pri:0, instance:testCases.TC002_LoginTest@56e8b606]" started-at="2024-11-04T22:11:14 IST" name="setup" finished-at="2024-11-04T22:11:22 IST" duration-ms="7913" status="PASS">
          <params>
            <param index="0">
              <value>
                <![CDATA[windows]]>
              </value>
            </param>
            <param index="1">
              <value>
                <![CDATA[firefox]]>
              </value>
            </param>
          </params>
          <reporter-output>
          </reporter-output>
        </test-method> <!-- setup -->
        <test-method signature="Verify_login()[pri:0, instance:testCases.TC002_LoginTest@56e8b606]" started-at="2024-11-04T22:11:22 IST" name="Verify_login" finished-at="2024-11-04T22:11:24 IST" duration-ms="1815" status="PASS">
          <reporter-output>
          </reporter-output>
        </test-method> <!-- Verify_login -->
        <test-method is-config="true" signature="tearDown()[pri:0, instance:testCases.TC002_LoginTest@56e8b606]" started-at="2024-11-04T22:11:24 IST" name="tearDown" finished-at="2024-11-04T22:11:25 IST" duration-ms="1038" status="PASS">
          <reporter-output>
          </reporter-output>
        </test-method> <!-- tearDown -->
      </class> <!-- testCases.TC002_LoginTest -->
    </test> <!-- firefoxtest -->
    <test started-at="2024-11-04T22:11:14 IST" name="edgetest" finished-at="2024-11-04T22:11:26 IST" duration-ms="12306">
      <class name="testCases.TC002_LoginTest">
        <test-method is-config="true" signature="setup(java.lang.String,java.lang.String)[pri:0, instance:testCases.TC002_LoginTest@fcb4004]" started-at="2024-11-04T22:11:14 IST" name="setup" finished-at="2024-11-04T22:11:23 IST" duration-ms="9084" status="PASS">
          <params>
            <param index="0">
              <value>
                <![CDATA[windows]]>
              </value>
            </param>
            <param index="1">
              <value>
                <![CDATA[edge]]>
              </value>
            </param>
          </params>
          <reporter-output>
          </reporter-output>
        </test-method> <!-- setup -->
        <test-method signature="Verify_login()[pri:0, instance:testCases.TC002_LoginTest@fcb4004]" started-at="2024-11-04T22:11:23 IST" name="Verify_login" finished-at="2024-11-04T22:11:25 IST" duration-ms="1885" status="PASS">
          <reporter-output>
          </reporter-output>
        </test-method> <!-- Verify_login -->
        <test-method is-config="true" signature="tearDown()[pri:0, instance:testCases.TC002_LoginTest@fcb4004]" started-at="2024-11-04T22:11:25 IST" name="tearDown" finished-at="2024-11-04T22:11:26 IST" duration-ms="1300" status="PASS">
          <reporter-output>
          </reporter-output>
        </test-method> <!-- tearDown -->
      </class> <!-- testCases.TC002_LoginTest -->
    </test> <!-- edgetest -->
    <test started-at="2024-11-04T22:11:14 IST" name="chrometest" finished-at="2024-11-04T22:11:28 IST" duration-ms="13951">
      <class name="testCases.TC002_LoginTest">
        <test-method is-config="true" signature="setup(java.lang.String,java.lang.String)[pri:0, instance:testCases.TC002_LoginTest@64ba3208]" started-at="2024-11-04T22:11:14 IST" name="setup" finished-at="2024-11-04T22:11:26 IST" duration-ms="12158" status="PASS">
          <params>
            <param index="0">
              <value>
                <![CDATA[windows]]>
              </value>
            </param>
            <param index="1">
              <value>
                <![CDATA[chrome]]>
              </value>
            </param>
          </params>
          <reporter-output>
          </reporter-output>
        </test-method> <!-- setup -->
        <test-method signature="Verify_login()[pri:0, instance:testCases.TC002_LoginTest@64ba3208]" started-at="2024-11-04T22:11:26 IST" name="Verify_login" finished-at="2024-11-04T22:11:28 IST" duration-ms="1505" status="PASS">
          <reporter-output>
          </reporter-output>
        </test-method> <!-- Verify_login -->
        <test-method is-config="true" signature="tearDown()[pri:0, instance:testCases.TC002_LoginTest@64ba3208]" started-at="2024-11-04T22:11:28 IST" name="tearDown" finished-at="2024-11-04T22:11:28 IST" duration-ms="251" status="PASS">
          <reporter-output>
          </reporter-output>
        </test-method> <!-- tearDown -->
      </class> <!-- testCases.TC002_LoginTest -->
    </test> <!-- chrometest -->
  </suite> <!-- Suite -->
</testng-results>
